[0730/143847.965:ERROR:process_reader_win.cc(123)] NtOpenThread: {Access Denied} A process has requested access to an object, but has not been granted those access rights. (0xc0000022)
[0730/143847.965:ERROR:process_reader_win.cc(123)] NtOpenThread: {Access Denied} A process has requested access to an object, but has not been granted those access rights. (0xc0000022)
[0730/143847.965:ERROR:process_reader_win.cc(123)] NtOpenThread: {Access Denied} A process has requested access to an object, but has not been granted those access rights. (0xc0000022)
[0730/143847.967:ERROR:exception_snapshot_win.cc(98)] thread ID 14816 not found in process
[0730/143847.965:ERROR:process_reader_win.cc(123)] NtOpenThread: {Access Denied} A process has requested access to an object, but has not been granted those access rights. (0xc0000022)
[0730/143847.967:ERROR:exception_snapshot_win.cc(98)] thread ID 17348 not found in process
[0730/143847.967:ERROR:exception_snapshot_win.cc(98)] thread ID 4224 not found in process
[0730/143847.968:ERROR:exception_snapshot_win.cc(98)] thread ID 16472 not found in process
[0730/143847.982:ERROR:process_reader_win.cc(123)] NtOpenThread: {Access Denied} A process has requested access to an object, but has not been granted those access rights. (0xc0000022)
[0730/143847.982:ERROR:process_reader_win.cc(123)] NtOpenThread: {Access Denied} A process has requested access to an object, but has not been granted those access rights. (0xc0000022)
[0730/143847.982:ERROR:exception_snapshot_win.cc(98)] thread ID 14172 not found in process
[0730/143847.982:ERROR:exception_snapshot_win.cc(98)] thread ID 9252 not found in process
[0730/145150.405:ERROR:process_reader_win.cc(123)] NtOpenThread: {Access Denied} A process has requested access to an object, but has not been granted those access rights. (0xc0000022)
[0730/145150.406:ERROR:exception_snapshot_win.cc(98)] thread ID 14548 not found in process
[0730/145150.406:ERROR:process_reader_win.cc(123)] NtOpenThread: {Access Denied} A process has requested access to an object, but has not been granted those access rights. (0xc0000022)
[0730/145150.406:ERROR:exception_snapshot_win.cc(98)] thread ID 16776 not found in process
[0730/155239.897:ERROR:process_reader_win.cc(123)] NtOpenThread: {Access Denied} A process has requested access to an object, but has not been granted those access rights. (0xc0000022)
[0730/155239.897:ERROR:exception_snapshot_win.cc(98)] thread ID 6088 not found in process
[0730/155239.906:ERROR:process_reader_win.cc(123)] NtOpenThread: {Access Denied} A process has requested access to an object, but has not been granted those access rights. (0xc0000022)
[0730/155239.906:ERROR:exception_snapshot_win.cc(98)] thread ID 17312 not found in process
[0730/155318.606:ERROR:process_reader_win.cc(123)] NtOpenThread: {Access Denied} A process has requested access to an object, but has not been granted those access rights. (0xc0000022)
[0730/155318.606:ERROR:exception_snapshot_win.cc(98)] thread ID 16776 not found in process
[0730/155318.615:ERROR:process_reader_win.cc(123)] NtOpenThread: {Access Denied} A process has requested access to an object, but has not been granted those access rights. (0xc0000022)
[0730/155318.615:ERROR:exception_snapshot_win.cc(98)] thread ID 1920 not found in process
[0730/155605.619:ERROR:process_reader_win.cc(123)] NtOpenThread: {Access Denied} A process has requested access to an object, but has not been granted those access rights. (0xc0000022)
[0730/155605.620:ERROR:exception_snapshot_win.cc(98)] thread ID 16428 not found in process
[0730/155605.627:ERROR:process_reader_win.cc(123)] NtOpenThread: {Access Denied} A process has requested access to an object, but has not been granted those access rights. (0xc0000022)
[0730/155605.627:ERROR:exception_snapshot_win.cc(98)] thread ID 2960 not found in process
[0730/160955.361:ERROR:process_reader_win.cc(123)] NtOpenThread: {Access Denied} A process has requested access to an object, but has not been granted those access rights. (0xc0000022)
[0730/160955.362:ERROR:exception_snapshot_win.cc(98)] thread ID 14476 not found in process
[0730/160955.377:ERROR:process_reader_win.cc(123)] NtOpenThread: {Access Denied} A process has requested access to an object, but has not been granted those access rights. (0xc0000022)
[0730/160955.377:ERROR:exception_snapshot_win.cc(98)] thread ID 14508 not found in process
[0730/161139.313:ERROR:process_reader_win.cc(123)] NtOpenThread: {Access Denied} A process has requested access to an object, but has not been granted those access rights. (0xc0000022)
[0730/161139.314:ERROR:exception_snapshot_win.cc(98)] thread ID 2560 not found in process
[0730/161139.323:ERROR:process_reader_win.cc(123)] NtOpenThread: {Access Denied} A process has requested access to an object, but has not been granted those access rights. (0xc0000022)
[0730/161139.324:ERROR:exception_snapshot_win.cc(98)] thread ID 13556 not found in process
[0730/161343.333:ERROR:process_reader_win.cc(123)] NtOpenThread: {Access Denied} A process has requested access to an object, but has not been granted those access rights. (0xc0000022)
[0730/161343.334:ERROR:exception_snapshot_win.cc(98)] thread ID 11212 not found in process
[0730/161343.334:ERROR:process_reader_win.cc(123)] NtOpenThread: {Access Denied} A process has requested access to an object, but has not been granted those access rights. (0xc0000022)
[0730/161343.334:ERROR:exception_snapshot_win.cc(98)] thread ID 9668 not found in process
[0730/161343.353:ERROR:process_reader_win.cc(123)] NtOpenThread: {Access Denied} A process has requested access to an object, but has not been granted those access rights. (0xc0000022)
[0730/161343.353:ERROR:exception_snapshot_win.cc(98)] thread ID 9872 not found in process
[0730/161821.434:ERROR:process_reader_win.cc(123)] NtOpenThread: {Access Denied} A process has requested access to an object, but has not been granted those access rights. (0xc0000022)
[0730/161821.434:ERROR:exception_snapshot_win.cc(98)] thread ID 16480 not found in process
[0730/161821.442:ERROR:process_reader_win.cc(123)] NtOpenThread: {Access Denied} A process has requested access to an object, but has not been granted those access rights. (0xc0000022)
[0730/161821.442:ERROR:exception_snapshot_win.cc(98)] thread ID 12276 not found in process
[0730/192247.004:ERROR:process_info.cc(329)] VirtualQueryEx: Access is denied. (0x5)
[0730/192247.005:ERROR:process_info.cc(556)] ReadMemoryInfo failed
[0730/192247.005:ERROR:scoped_process_suspend.cc(40)] NtResumeProcess: An attempt was made to access an exiting process. (0xc000010a)
